DEBUG:root:rows of transmat_ must sum to 1.0 (got [1. 1. 1. 1. 0. 1.])
DEBUG:root:rows of transmat_ must sum to 1.0 (got [1. 1. 1. 1. 1. 1. 1. 1. 0. 1. 1. 1. 1. 1.])
DEBUG:root:rows of transmat_ must sum to 1.0 (got [1. 1. 1. 1. 1. 0.])
DEBUG:root:rows of transmat_ must sum to 1.0 (got [1. 0. 1. 1. 1. 1. 1. 1. 1. 1. 1. 1. 1. 1.])
DEBUG:root:rows of transmat_ must sum to 1.0 (got [1. 1. 0. 1. 1.])
DEBUG:root:rows of transmat_ must sum to 1.0 (got [0. 1. 1. 1. 1. 1.])
DEBUG:root:rows of transmat_ must sum to 1.0 (got [1. 1. 1. 1. 1. 1. 1. 1. 1. 1. 1. 1. 1. 1. 0.])
DEBUG:root:rows of transmat_ must sum to 1.0 (got [1. 1. 1. 1. 0. 1.])
DEBUG:root:rows of transmat_ must sum to 1.0 (got [1. 1. 0. 1. 1.])
DEBUG:root:n_samples=8 should be >= n_clusters=9
DEBUG:root:n_samples=9 should be >= n_clusters=10
DEBUG:root:n_samples=4 should be >= n_clusters=5
DEBUG:root:n_samples=9 should be >= n_clusters=10
DEBUG:root:n_samples=6 should be >= n_clusters=7
DEBUG:root:n_samples=9 should be >= n_clusters=10
DEBUG:root:n_samples=6 should be >= n_clusters=7
DEBUG:root:n_samples=8 should be >= n_clusters=9
DEBUG:root:n_samples=7 should be >= n_clusters=8
DEBUG:root:n_samples=9 should be >= n_clusters=10
DEBUG:root:n_samples=6 should be >= n_clusters=7
DEBUG:root:n_samples=8 should be >= n_clusters=9
DEBUG:root:n_samples=9 should be >= n_clusters=10
DEBUG:root:n_samples=9 should be >= n_clusters=10
DEBUG:root:n_samples=8 should be >= n_clusters=9
DEBUG:root:n_samples=9 should be >= n_clusters=10
DEBUG:root:n_samples=4 should be >= n_clusters=5
DEBUG:root:n_samples=9 should be >= n_clusters=10
DEBUG:root:rows of transmat_ must sum to 1.0 (got [1. 1. 0. 1. 1. 1. 0. 0. 1. 0.])
DEBUG:root:n_samples=6 should be >= n_clusters=7
DEBUG:root:n_samples=9 should be >= n_clusters=10
DEBUG:root:n_samples=6 should be >= n_clusters=7
DEBUG:root:n_samples=8 should be >= n_clusters=9
DEBUG:root:n_samples=7 should be >= n_clusters=8
DEBUG:root:n_samples=9 should be >= n_clusters=10
DEBUG:root:startprob_ must sum to 1.0 (got nan)
DEBUG:root:n_samples=6 should be >= n_clusters=7
DEBUG:root:n_samples=8 should be >= n_clusters=9
DEBUG:root:n_samples=9 should be >= n_clusters=10
DEBUG:root:startprob_ must sum to 1.0 (got nan)
DEBUG:root:n_samples=9 should be >= n_clusters=10
DEBUG:root:too many values to unpack (expected 2)
DEBUG:root:too many values to unpack (expected 2)
DEBUG:root:too many values to unpack (expected 2)
DEBUG:root:too many values to unpack (expected 2)
DEBUG:root:too many values to unpack (expected 2)
DEBUG:root:too many values to unpack (expected 2)
DEBUG:root:too many values to unpack (expected 2)
DEBUG:root:too many values to unpack (expected 2)
DEBUG:root:too many values to unpack (expected 2)
DEBUG:root:too many values to unpack (expected 2)
DEBUG:root:too many values to unpack (expected 2)
DEBUG:root:too many values to unpack (expected 2)
DEBUG:root:too many values to unpack (expected 2)
DEBUG:root:too many values to unpack (expected 2)
DEBUG:root:too many values to unpack (expected 2)
DEBUG:root:too many values to unpack (expected 2)
DEBUG:root:too many values to unpack (expected 2)
DEBUG:root:too many values to unpack (expected 2)
DEBUG:root:too many values to unpack (expected 2)
DEBUG:root:too many values to unpack (expected 2)
DEBUG:root:too many values to unpack (expected 2)
DEBUG:root:too many values to unpack (expected 2)
DEBUG:root:too many values to unpack (expected 2)
DEBUG:root:too many values to unpack (expected 2)
DEBUG:root:too many values to unpack (expected 2)
DEBUG:root:too many values to unpack (expected 2)
DEBUG:root:too many values to unpack (expected 2)
DEBUG:root:too many values to unpack (expected 2)
DEBUG:root:too many values to unpack (expected 2)
DEBUG:root:too many values to unpack (expected 2)
DEBUG:root:too many values to unpack (expected 2)
DEBUG:root:too many values to unpack (expected 2)
DEBUG:root:too many values to unpack (expected 2)
DEBUG:root:too many values to unpack (expected 2)
DEBUG:root:too many values to unpack (expected 2)
DEBUG:root:too many values to unpack (expected 2)
DEBUG:root:too many values to unpack (expected 2)
DEBUG:root:too many values to unpack (expected 2)
DEBUG:root:too many values to unpack (expected 2)
DEBUG:root:too many values to unpack (expected 2)
DEBUG:root:too many values to unpack (expected 2)
DEBUG:root:too many values to unpack (expected 2)
DEBUG:root:too many values to unpack (expected 2)
DEBUG:root:too many values to unpack (expected 2)
DEBUG:root:too many values to unpack (expected 2)
DEBUG:root:too many values to unpack (expected 2)
DEBUG:root:too many values to unpack (expected 2)
DEBUG:root:too many values to unpack (expected 2)
DEBUG:root:too many values to unpack (expected 2)
DEBUG:root:too many values to unpack (expected 2)
DEBUG:root:too many values to unpack (expected 2)
DEBUG:root:too many values to unpack (expected 2)
DEBUG:root:too many values to unpack (expected 2)
DEBUG:root:too many values to unpack (expected 2)
DEBUG:root:too many values to unpack (expected 2)
DEBUG:root:too many values to unpack (expected 2)
DEBUG:root:too many values to unpack (expected 2)
DEBUG:root:too many values to unpack (expected 2)
DEBUG:root:too many values to unpack (expected 2)
DEBUG:root:too many values to unpack (expected 2)
DEBUG:root:too many values to unpack (expected 2)
DEBUG:root:too many values to unpack (expected 2)
DEBUG:root:too many values to unpack (expected 2)
DEBUG:root:too many values to unpack (expected 2)
DEBUG:root:too many values to unpack (expected 2)
DEBUG:root:too many values to unpack (expected 2)
DEBUG:root:too many values to unpack (expected 2)
DEBUG:root:too many values to unpack (expected 2)
DEBUG:root:too many values to unpack (expected 2)
DEBUG:root:too many values to unpack (expected 2)
DEBUG:root:too many values to unpack (expected 2)
DEBUG:root:too many values to unpack (expected 2)
DEBUG:root:too many values to unpack (expected 2)
DEBUG:root:too many values to unpack (expected 2)
DEBUG:root:too many values to unpack (expected 2)
DEBUG:root:too many values to unpack (expected 2)
DEBUG:root:too many values to unpack (expected 2)
DEBUG:root:too many values to unpack (expected 2)
DEBUG:root:too many values to unpack (expected 2)
DEBUG:root:too many values to unpack (expected 2)
DEBUG:root:too many values to unpack (expected 2)
DEBUG:root:too many values to unpack (expected 2)
DEBUG:root:too many values to unpack (expected 2)
DEBUG:root:too many values to unpack (expected 2)
DEBUG:root:too many values to unpack (expected 2)
DEBUG:root:too many values to unpack (expected 2)
DEBUG:root:too many values to unpack (expected 2)
DEBUG:root:too many values to unpack (expected 2)
DEBUG:root:too many values to unpack (expected 2)
DEBUG:root:too many values to unpack (expected 2)
DEBUG:root:too many values to unpack (expected 2)
DEBUG:root:too many values to unpack (expected 2)
DEBUG:root:too many values to unpack (expected 2)
DEBUG:root:too many values to unpack (expected 2)
DEBUG:root:too many values to unpack (expected 2)
DEBUG:root:too many values to unpack (expected 2)
DEBUG:root:too many values to unpack (expected 2)
DEBUG:root:too many values to unpack (expected 2)
DEBUG:root:too many values to unpack (expected 2)
DEBUG:root:too many values to unpack (expected 2)
DEBUG:root:too many values to unpack (expected 2)
DEBUG:root:too many values to unpack (expected 2)
DEBUG:root:too many values to unpack (expected 2)
DEBUG:root:too many values to unpack (expected 2)
DEBUG:root:too many values to unpack (expected 2)
DEBUG:root:too many values to unpack (expected 2)
DEBUG:root:too many values to unpack (expected 2)
DEBUG:root:too many values to unpack (expected 2)
DEBUG:root:too many values to unpack (expected 2)
DEBUG:root:too many values to unpack (expected 2)
DEBUG:root:too many values to unpack (expected 2)
DEBUG:root:too many values to unpack (expected 2)
DEBUG:root:too many values to unpack (expected 2)
DEBUG:root:too many values to unpack (expected 2)
DEBUG:root:too many values to unpack (expected 2)
DEBUG:root:too many values to unpack (expected 2)
DEBUG:root:too many values to unpack (expected 2)
DEBUG:root:too many values to unpack (expected 2)
DEBUG:root:too many values to unpack (expected 2)
DEBUG:root:too many values to unpack (expected 2)
DEBUG:root:too many values to unpack (expected 2)
DEBUG:root:too many values to unpack (expected 2)
DEBUG:root:too many values to unpack (expected 2)
DEBUG:root:too many values to unpack (expected 2)
DEBUG:root:too many values to unpack (expected 2)
DEBUG:root:too many values to unpack (expected 2)
DEBUG:root:too many values to unpack (expected 2)
DEBUG:root:too many values to unpack (expected 2)
DEBUG:root:too many values to unpack (expected 2)
DEBUG:root:too many values to unpack (expected 2)
DEBUG:root:too many values to unpack (expected 2)
DEBUG:root:too many values to unpack (expected 2)
DEBUG:root:too many values to unpack (expected 2)
DEBUG:root:too many values to unpack (expected 2)
DEBUG:root:too many values to unpack (expected 2)
DEBUG:root:too many values to unpack (expected 2)
DEBUG:root:too many values to unpack (expected 2)
DEBUG:root:too many values to unpack (expected 2)
DEBUG:root:too many values to unpack (expected 2)
DEBUG:root:too many values to unpack (expected 2)
DEBUG:root:too many values to unpack (expected 2)
DEBUG:root:too many values to unpack (expected 2)
DEBUG:root:too many values to unpack (expected 2)
DEBUG:root:too many values to unpack (expected 2)
DEBUG:root:too many values to unpack (expected 2)
DEBUG:root:too many values to unpack (expected 2)
DEBUG:root:too many values to unpack (expected 2)
DEBUG:root:too many values to unpack (expected 2)
DEBUG:root:too many values to unpack (expected 2)
DEBUG:root:too many values to unpack (expected 2)
DEBUG:root:too many values to unpack (expected 2)
DEBUG:root:too many values to unpack (expected 2)
DEBUG:root:too many values to unpack (expected 2)
DEBUG:root:too many values to unpack (expected 2)
DEBUG:root:too many values to unpack (expected 2)
DEBUG:root:too many values to unpack (expected 2)
DEBUG:root:too many values to unpack (expected 2)
DEBUG:root:too many values to unpack (expected 2)
DEBUG:root:too many values to unpack (expected 2)
DEBUG:root:too many values to unpack (expected 2)
DEBUG:root:too many values to unpack (expected 2)
DEBUG:root:too many values to unpack (expected 2)
DEBUG:root:too many values to unpack (expected 2)
DEBUG:root:too many values to unpack (expected 2)
DEBUG:root:too many values to unpack (expected 2)
DEBUG:root:too many values to unpack (expected 2)
DEBUG:root:too many values to unpack (expected 2)
DEBUG:root:too many values to unpack (expected 2)
DEBUG:root:too many values to unpack (expected 2)
DEBUG:root:too many values to unpack (expected 2)
DEBUG:root:too many values to unpack (expected 2)
DEBUG:root:too many values to unpack (expected 2)
DEBUG:root:too many values to unpack (expected 2)
DEBUG:root:too many values to unpack (expected 2)
DEBUG:root:too many values to unpack (expected 2)
DEBUG:root:too many values to unpack (expected 2)
DEBUG:root:too many values to unpack (expected 2)
DEBUG:root:too many values to unpack (expected 2)
DEBUG:root:too many values to unpack (expected 2)
DEBUG:root:too many values to unpack (expected 2)
DEBUG:root:too many values to unpack (expected 2)
DEBUG:root:too many values to unpack (expected 2)
DEBUG:root:too many values to unpack (expected 2)
DEBUG:root:too many values to unpack (expected 2)
DEBUG:root:too many values to unpack (expected 2)
DEBUG:root:too many values to unpack (expected 2)
DEBUG:root:too many values to unpack (expected 2)
DEBUG:root:too many values to unpack (expected 2)
DEBUG:root:too many values to unpack (expected 2)
DEBUG:root:too many values to unpack (expected 2)
DEBUG:root:too many values to unpack (expected 2)
DEBUG:root:too many values to unpack (expected 2)
DEBUG:root:too many values to unpack (expected 2)
DEBUG:root:too many values to unpack (expected 2)
DEBUG:root:too many values to unpack (expected 2)
DEBUG:root:too many values to unpack (expected 2)
DEBUG:root:too many values to unpack (expected 2)
DEBUG:root:too many values to unpack (expected 2)
DEBUG:root:too many values to unpack (expected 2)
DEBUG:root:too many values to unpack (expected 2)
DEBUG:root:too many values to unpack (expected 2)
DEBUG:root:too many values to unpack (expected 2)
DEBUG:root:too many values to unpack (expected 2)
DEBUG:root:too many values to unpack (expected 2)
DEBUG:root:too many values to unpack (expected 2)
DEBUG:root:too many values to unpack (expected 2)
DEBUG:root:too many values to unpack (expected 2)
DEBUG:root:too many values to unpack (expected 2)
DEBUG:root:too many values to unpack (expected 2)
DEBUG:root:too many values to unpack (expected 2)
DEBUG:root:too many values to unpack (expected 2)
DEBUG:root:too many values to unpack (expected 2)
DEBUG:root:too many values to unpack (expected 2)
DEBUG:root:too many values to unpack (expected 2)
DEBUG:root:too many values to unpack (expected 2)
DEBUG:root:too many values to unpack (expected 2)
DEBUG:root:too many values to unpack (expected 2)
DEBUG:root:too many values to unpack (expected 2)
DEBUG:root:too many values to unpack (expected 2)
DEBUG:root:too many values to unpack (expected 2)
DEBUG:root:too many values to unpack (expected 2)
DEBUG:root:too many values to unpack (expected 2)
DEBUG:root:too many values to unpack (expected 2)
DEBUG:root:too many values to unpack (expected 2)
DEBUG:root:too many values to unpack (expected 2)
DEBUG:root:too many values to unpack (expected 2)
DEBUG:root:too many values to unpack (expected 2)
DEBUG:root:too many values to unpack (expected 2)
DEBUG:root:too many values to unpack (expected 2)
DEBUG:root:too many values to unpack (expected 2)
DEBUG:root:too many values to unpack (expected 2)
DEBUG:root:too many values to unpack (expected 2)
DEBUG:root:too many values to unpack (expected 2)
DEBUG:root:too many values to unpack (expected 2)
DEBUG:root:too many values to unpack (expected 2)
DEBUG:root:too many values to unpack (expected 2)
DEBUG:root:too many values to unpack (expected 2)
DEBUG:root:too many values to unpack (expected 2)
DEBUG:root:too many values to unpack (expected 2)
DEBUG:root:too many values to unpack (expected 2)
DEBUG:root:too many values to unpack (expected 2)
DEBUG:root:too many values to unpack (expected 2)
DEBUG:root:too many values to unpack (expected 2)
DEBUG:root:too many values to unpack (expected 2)
DEBUG:root:too many values to unpack (expected 2)
DEBUG:root:too many values to unpack (expected 2)
DEBUG:root:too many values to unpack (expected 2)
DEBUG:root:too many values to unpack (expected 2)
DEBUG:root:too many values to unpack (expected 2)
DEBUG:root:too many values to unpack (expected 2)
DEBUG:root:too many values to unpack (expected 2)
DEBUG:root:too many values to unpack (expected 2)
DEBUG:root:too many values to unpack (expected 2)
DEBUG:root:too many values to unpack (expected 2)
DEBUG:root:too many values to unpack (expected 2)
DEBUG:root:too many values to unpack (expected 2)
DEBUG:root:too many values to unpack (expected 2)
DEBUG:root:too many values to unpack (expected 2)
DEBUG:root:too many values to unpack (expected 2)
DEBUG:root:too many values to unpack (expected 2)
DEBUG:root:too many values to unpack (expected 2)
DEBUG:root:too many values to unpack (expected 2)
DEBUG:root:too many values to unpack (expected 2)
DEBUG:root:too many values to unpack (expected 2)
DEBUG:root:too many values to unpack (expected 2)
DEBUG:root:too many values to unpack (expected 2)
DEBUG:root:too many values to unpack (expected 2)
DEBUG:root:too many values to unpack (expected 2)
DEBUG:root:too many values to unpack (expected 2)
DEBUG:root:too many values to unpack (expected 2)
DEBUG:root:too many values to unpack (expected 2)
DEBUG:root:too many values to unpack (expected 2)
DEBUG:root:too many values to unpack (expected 2)
DEBUG:root:too many values to unpack (expected 2)
DEBUG:root:too many values to unpack (expected 2)
DEBUG:root:too many values to unpack (expected 2)
DEBUG:root:too many values to unpack (expected 2)
DEBUG:root:too many values to unpack (expected 2)
DEBUG:root:too many values to unpack (expected 2)
